mswipeWisePadAPKKit/build/intermediates/manifest_merge_blame_file/debug/manifest-merger-blame-debug-report.txt
1<?xml version="1.0" encoding="utf-8"?>
2<manifest xmlns:android="http://schemas.android.com/apk/res/android"
3    package="com.mswipe.wisepad.apkkit"
4    android:versionCode="1"
5    android:versionName="1.0" >
6
7    <uses-sdk
7-->src/main/AndroidManifest.xml:6:5-47
8        android:minSdkVersion="15"
8-->src/main/AndroidManifest.xml:6:5-47
9        android:targetSdkVersion="29" />
9-->src/main/AndroidManifest.xml:6:15-44
10
11    <uses-permission android:name="android.permission.INTERNET" />
11-->src/main/AndroidManifest.xml:17:2-64
11-->src/main/AndroidManifest.xml:17:19-61
12    <uses-permission android:name="android.permission.WRITE_EXTERNAL_STORAGE" />
12-->src/main/AndroidManifest.xml:18:2-78
12-->src/main/AndroidManifest.xml:18:19-75
13
14    <application>
14-->src/main/AndroidManifest.xml:8:5-16:19
15        <receiver
15-->src/main/AndroidManifest.xml:9:9-15:20
16            android:name="com.mswipe.wisepad.apkkit.MSAppInstalledStatusReceiver"
16-->src/main/AndroidManifest.xml:9:43-112
17            android:exported="true" >
17-->src/main/AndroidManifest.xml:9:19-42
18            <intent-filter>
18-->src/main/AndroidManifest.xml:10:13-14:29
19                <action android:name="android.intent.action.PACKAGE_ADDED" />
19-->src/main/AndroidManifest.xml:11:17-78
19-->src/main/AndroidManifest.xml:11:25-75
20                <action android:name="android.intent.action.PACKAGE_REPLACED" />
20-->src/main/AndroidManifest.xml:12:17-80
20-->src/main/AndroidManifest.xml:12:25-78
21
22                <data android:scheme="package" />
22-->src/main/AndroidManifest.xml:13:17-50
22-->src/main/AndroidManifest.xml:13:23-47
23            </intent-filter>
24        </receiver>
25    </application>
26
27</manifest>